2022-12-04 13:51:27,521 - main - INFO - CSRNet-Epochs-1000_BatchSize-8_LR-1e-05_Momentum-0.95_Gamma-0.5_Version-1
2022-12-04 13:51:29,372 - main - INFO - Epoch 1/1000
2022-12-04 13:51:29,373 - main - INFO - ----------------------------
2022-12-04 13:51:29,373 - main - INFO - training...
2022-12-04 13:51:51,470 - main - DEBUG - Batch 100: running loss = 0.0002, running AE = 1129.7803, running SE = 13141.7523
2022-12-04 13:52:08,214 - main - DEBUG - Batch 200: running loss = 0.0003, running AE = 2198.1027, running SE = 25057.8802
2022-12-04 13:52:10,663 - main - INFO - Saved the best model at epoch 1.
2022-12-04 14:37:48,401 - main - INFO - CSRNet-Epochs-1000_BatchSize-8_LR-1e-05_Momentum-0.95_Gamma-0.5_Version-1
2022-12-04 14:37:51,631 - main - INFO - Epoch 1/1000
2022-12-04 14:37:51,632 - main - INFO - ----------------------------
2022-12-04 14:37:51,632 - main - INFO - training...
2022-12-04 17:11:00,497 - main - INFO - CSRNet-Epochs-1000_BatchSize-8_LR-1e-05_Momentum-0.95_Gamma-0.5_Version-1
2022-12-04 17:11:07,721 - main - INFO - CSRNet-Epochs-1000_BatchSize-8_LR-1e-05_Momentum-0.95_Gamma-0.5_Version-1
2022-12-04 17:12:50,740 - main - INFO - CSRNet-Epochs-1000_BatchSize-8_LR-1e-05_Momentum-0.95_Gamma-0.5_Version-1
2022-12-04 17:12:52,507 - main - INFO - Epoch 1/1000
2022-12-04 17:12:52,507 - main - INFO - ----------------------------
2022-12-04 17:12:52,508 - main - INFO - training...
2022-12-04 17:13:19,014 - main - DEBUG - Batch 100: running loss = 14.2032, running AE = 594027.7852, running SE = 3678930028.0000
2022-12-04 17:13:43,318 - main - DEBUG - Batch 200: running loss = 27.6703, running AE = 1140376.9460, running SE = 6791857926.0000
2022-12-04 17:14:07,688 - main - DEBUG - Batch 300: running loss = 40.6413, running AE = 1649501.7727, running SE = 9561987013.5000
2022-12-04 17:14:32,382 - main - DEBUG - Batch 400: running loss = 53.8948, running AE = 2155690.9229, running SE = 12335529403.5000
2022-12-04 17:14:48,525 - main - INFO - Saved the best model at epoch 1.
